<?xml version="1.0" encoding="UTF-8"?>
<coverage generated="1612184810957" clover="3.2.0">
  <project timestamp="1612184810957" name="All files">
    <metrics statements="35" coveredstatements="31" conditionals="17" coveredconditionals="3" methods="6" coveredmethods="5" elements="58" coveredelements="39" complexity="0" loc="35" ncloc="35" packages="1" files="2" classes="2"/>
    <file name="handler.js" path="G:\Personal\Test\be-search-moisesar14\src\endpoint\handler\handler.js">
      <metrics statements="33" coveredstatements="29" conditionals="17" coveredconditionals="3" methods="6" coveredmethods="5"/>
      <line num="2" count="1" type="stmt"/>
      <line num="5" count="5" type="stmt"/>
      <line num="6" count="5" type="stmt"/>
      <line num="7" count="5" type="stmt"/>
      <line num="8" count="5" type="stmt"/>
      <line num="11" count="1" type="cond" truecount="0" falsecount="1"/>
      <line num="12" count="5" type="stmt"/>
      <line num="14" count="5" type="stmt"/>
      <line num="15" count="5" type="stmt"/>
      <line num="16" count="1250" type="stmt"/>
      <line num="18" count="5" type="stmt"/>
      <line num="19" count="5" type="stmt"/>
      <line num="20" count="5" type="stmt"/>
      <line num="21" count="150" type="cond" truecount="1" falsecount="1"/>
      <line num="23" count="5" type="stmt"/>
      <line num="24" count="5" type="cond" truecount="2" falsecount="0"/>
      <line num="25" count="2" type="stmt"/>
      <line num="27" count="5" type="stmt"/>
      <line num="29" count="5" type="stmt"/>
      <line num="30" count="5" type="stmt"/>
      <line num="31" count="5" type="stmt"/>
      <line num="33" count="5" type="stmt"/>
      <line num="34" count="5" type="stmt"/>
      <line num="35" count="5" type="stmt"/>
      <line num="37" count="5" type="stmt"/>
      <line num="40" count="1" type="stmt"/>
      <line num="41" count="5" type="stmt"/>
      <line num="43" count="0" type="cond" truecount="0" falsecount="2"/>
      <line num="44" count="0" type="cond" truecount="0" falsecount="4"/>
      <line num="47" count="0" type="cond" truecount="0" falsecount="2"/>
      <line num="48" count="0" type="cond" truecount="0" falsecount="4"/>
      <line num="54" count="1" type="stmt"/>
      <line num="59" count="1" type="stmt"/>
    </file>
    <file name="index.js" path="G:\Personal\Test\be-search-moisesar14\src\endpoint\handler\index.js">
      <metrics statements="2" coveredstatements="2" conditionals="0" coveredconditionals="0" methods="0" coveredmethods="0"/>
      <line num="1" count="1" type="stmt"/>
      <line num="2" count="1" type="stmt"/>
    </file>
  </project>
</coverage>
