TN:
SF:endpoint\handler\handler.js
FN:4,getDatos
FN:11,(anonymous_1)
FN:15,(anonymous_2)
FN:20,(anonymous_3)
FN:40,(anonymous_4)
FN:41,(anonymous_5)
FNF:6
FNH:5
FNDA:5,getDatos
FNDA:5,(anonymous_1)
FNDA:1250,(anonymous_2)
FNDA:150,(anonymous_3)
FNDA:5,(anonymous_4)
FNDA:0,(anonymous_5)
DA:2,1
DA:5,5
DA:6,5
DA:7,5
DA:8,5
DA:11,1
DA:12,5
DA:14,5
DA:15,5
DA:16,1250
DA:18,5
DA:19,5
DA:20,5
DA:21,150
DA:23,5
DA:24,5
DA:25,2
DA:27,5
DA:29,5
DA:30,5
DA:31,5
DA:33,5
DA:34,5
DA:35,5
DA:37,5
DA:40,1
DA:41,5
DA:43,0
DA:44,0
DA:47,0
DA:48,0
DA:54,1
DA:59,1
LF:33
LH:29
BRDA:11,0,0,0
BRDA:21,1,0,150
BRDA:21,1,1,0
BRDA:24,2,0,2
BRDA:24,2,1,3
BRDA:43,3,0,0
BRDA:43,3,1,0
BRDA:44,4,0,0
BRDA:44,4,1,0
BRDA:44,5,0,0
BRDA:44,5,1,0
BRDA:47,6,0,0
BRDA:47,6,1,0
BRDA:48,7,0,0
BRDA:48,7,1,0
BRDA:48,8,0,0
BRDA:48,8,1,0
BRF:17
BRH:3
end_of_record
TN:
SF:endpoint\handler\index.js
FNF:0
FNH:0
DA:1,1
DA:2,1
LF:2
LH:2
BRF:0
BRH:0
end_of_record
